[20Dec2024 00:00:29.174] [Server thread/INFO] [net.minecraft.server.MinecraftServer/]: [Not Secure] <ADMIN> DISCORD
[20Dec2024 00:01:46.550] [Server thread/INFO] [net.minecraft.server.MinecraftServer/]: Teleported ram to manu
[20Dec2024 00:02:04.480] [Server thread/INFO] [net.minecraft.server.MinecraftServer/]: [Not Secure] <manu> s
[20Dec2024 00:02:05.325] [Server thread/INFO] [net.minecraft.world.entity.npc.Villager/]: Villager VillagerEntityMCA['Merja'/4276, l='ServerLevel[游디No ties amigos?驕]', x=1826.67, y=65.00, z=767.95] died, message: 'Merja was slain by Zombie'
[20Dec2024 00:02:05.327] [Server thread/INFO] [net.minecraft.world.entity.LivingEntity/]: Named entity VillagerEntityMCA['Merja'/4276, l='ServerLevel[游디No ties amigos?驕]', x=1826.67, y=65.00, z=767.95] died: Merja was slain by Zombie
[20Dec2024 00:13:25.992] [Server thread/WARN] [net.minecraft.server.MinecraftServer/]: Can't keep up! Is the server overloaded? Running 3431ms or 68 ticks behind
[20Dec2024 00:13:58.729] [Server thread/INFO] [net.minecraft.server.MinecraftServer/]: ram has made the advancement [An adventure awaits you]
[20Dec2024 00:14:04.981] [Server thread/INFO] [net.minecraft.server.MinecraftServer/]: Teleported ADMIN to manu
[20Dec2024 00:15:30.439] [Server thread/INFO] [net.minecraft.server.MinecraftServer/]: ram has reached the goal [The treasure is at hand]
[20Dec2024 00:16:48.750] [Worker-Main-30/WARN] [net.minecraft.world.entity.ai.attributes.AttributeMap/]: Ignoring unknown attribute 'reach-entity-attributes:reach'
[20Dec2024 00:16:48.757] [Worker-Main-30/WARN] [net.minecraft.world.entity.ai.attributes.AttributeMap/]: Ignoring unknown attribute 'reach-entity-attributes:reach'
[20Dec2024 00:18:24.668] [Server thread/INFO] [net.minecraft.server.MinecraftServer/]: manu has made the advancement [An adventure awaits you]
[20Dec2024 00:20:56.487] [Server thread/WARN] [net.minecraft.server.MinecraftServer/]: Can't keep up! Is the server overloaded? Running 5077ms or 101 ticks behind
[20Dec2024 00:21:11.993] [Worker-Main-30/WARN] [net.minecraft.world.entity.ai.attributes.AttributeMap/]: Ignoring unknown attribute 'reach-entity-attributes:reach'
[20Dec2024 00:21:11.995] [Worker-Main-30/WARN] [net.minecraft.world.entity.ai.attributes.AttributeMap/]: Ignoring unknown attribute 'reach-entity-attributes:reach'
[20Dec2024 00:21:11.995] [Worker-Main-30/WARN] [net.minecraft.world.entity.ai.attributes.AttributeMap/]: Ignoring unknown attribute 'reach-entity-attributes:reach'
[20Dec2024 00:21:11.995] [Worker-Main-30/WARN] [net.minecraft.world.entity.ai.attributes.AttributeMap/]: Ignoring unknown attribute 'reach-entity-attributes:reach'
[20Dec2024 00:21:12.278] [Worker-Main-30/WARN] [net.minecraft.world.entity.ai.attributes.AttributeMap/]: Ignoring unknown attribute 'reach-entity-attributes:reach'
[20Dec2024 00:21:21.503] [Server thread/INFO] [net.minecraft.server.MinecraftServer/]: [Not Secure] <ram> t
[20Dec2024 00:21:23.614] [Server thread/WARN] [net.minecraft.server.MinecraftServer/]: Can't keep up! Is the server overloaded? Running 12153ms or 243 ticks behind
[20Dec2024 00:21:25.558] [Worker-Main-30/WARN] [net.minecraft.world.entity.ai.attributes.AttributeMap/]: Ignoring unknown attribute 'reach-entity-attributes:reach'
[20Dec2024 00:21:25.562] [Worker-Main-30/WARN] [net.minecraft.world.entity.ai.attributes.AttributeMap/]: Ignoring unknown attribute 'reach-entity-attributes:reach'
[20Dec2024 00:21:25.563] [Worker-Main-30/WARN] [net.minecraft.world.entity.ai.attributes.AttributeMap/]: Ignoring unknown attribute 'reach-entity-attributes:reach'
[20Dec2024 00:21:25.564] [Worker-Main-30/WARN] [net.minecraft.world.entity.ai.attributes.AttributeMap/]: Ignoring unknown attribute 'reach-entity-attributes:reach'
[20Dec2024 00:22:38.419] [Server thread/INFO] [net.minecraft.server.MinecraftServer/]: ram has reached the goal [A new home]
[20Dec2024 00:25:53.863] [Worker-Main-1/WARN] [net.minecraft.world.entity.ai.attributes.AttributeMap/]: Ignoring unknown attribute 'reach-entity-attributes:reach'
[20Dec2024 00:25:53.864] [Worker-Main-1/WARN] [net.minecraft.world.entity.ai.attributes.AttributeMap/]: Ignoring unknown attribute 'reach-entity-attributes:reach'
[20Dec2024 00:25:53.865] [Worker-Main-1/WARN] [net.minecraft.world.entity.ai.attributes.AttributeMap/]: Ignoring unknown attribute 'reach-entity-attributes:reach'
[20Dec2024 00:25:53.865] [Worker-Main-1/WARN] [net.minecraft.world.entity.ai.attributes.AttributeMap/]: Ignoring unknown attribute 'reach-entity-attributes:reach'
[20Dec2024 00:26:04.821] [Worker-Main-1/WARN] [net.minecraft.world.entity.ai.attributes.AttributeMap/]: Ignoring unknown attribute 'reach-entity-attributes:reach'
[20Dec2024 00:27:55.469] [Worker-Main-1/WARN] [net.minecraft.world.entity.ai.attributes.AttributeMap/]: Ignoring unknown attribute 'reach-entity-attributes:reach'
[20Dec2024 00:27:55.470] [Worker-Main-1/WARN] [net.minecraft.world.entity.ai.attributes.AttributeMap/]: Ignoring unknown attribute 'reach-entity-attributes:reach'
[20Dec2024 00:27:55.471] [Worker-Main-1/WARN] [net.minecraft.world.entity.ai.attributes.AttributeMap/]: Ignoring unknown attribute 'reach-entity-attributes:reach'
[20Dec2024 00:27:55.649] [Worker-Main-1/WARN] [net.minecraft.world.entity.ai.attributes.AttributeMap/]: Ignoring unknown attribute 'reach-entity-attributes:reach'
[20Dec2024 00:27:55.650] [Worker-Main-1/WARN] [net.minecraft.world.entity.ai.attributes.AttributeMap/]: Ignoring unknown attribute 'reach-entity-attributes:reach'
[20Dec2024 00:27:55.650] [Worker-Main-1/WARN] [net.minecraft.world.entity.ai.attributes.AttributeMap/]: Ignoring unknown attribute 'reach-entity-attributes:reach'
[20Dec2024 00:28:01.547] [Worker-Main-1/WARN] [net.minecraft.world.entity.ai.attributes.AttributeMap/]: Ignoring unknown attribute 'reach-entity-attributes:reach'
[20Dec2024 00:28:01.548] [Worker-Main-1/WARN] [net.minecraft.world.entity.ai.attributes.AttributeMap/]: Ignoring unknown attribute 'reach-entity-attributes:reach'
[20Dec2024 00:28:01.549] [Worker-Main-1/WARN] [net.minecraft.world.entity.ai.attributes.AttributeMap/]: Ignoring unknown attribute 'reach-entity-attributes:reach'
[20Dec2024 00:28:01.549] [Worker-Main-1/WARN] [net.minecraft.world.entity.ai.attributes.AttributeMap/]: Ignoring unknown attribute 'reach-entity-attributes:reach'
[20Dec2024 00:28:01.821] [Worker-Main-1/WARN] [net.minecraft.world.entity.ai.attributes.AttributeMap/]: Ignoring unknown attribute 'reach-entity-attributes:reach'
[20Dec2024 00:35:24.971] [Server thread/INFO] [net.minecraft.server.MinecraftServer/]: ram has made the advancement [Magic Writing]
[20Dec2024 00:42:51.471] [Server thread/INFO] [net.minecraft.server.MinecraftServer/]: ram has made the advancement [Tie me to the Mast]
[20Dec2024 00:43:22.201] [Worker-Main-30/WARN] [net.minecraft.world.entity.ai.attributes.AttributeMap/]: Ignoring unknown attribute 'reach-entity-attributes:reach'
[20Dec2024 00:43:22.202] [Worker-Main-30/WARN] [net.minecraft.world.entity.ai.attributes.AttributeMap/]: Ignoring unknown attribute 'reach-entity-attributes:reach'
[20Dec2024 00:43:22.202] [Worker-Main-30/WARN] [net.minecraft.world.entity.ai.attributes.AttributeMap/]: Ignoring unknown attribute 'reach-entity-attributes:reach'
[20Dec2024 00:43:22.202] [Worker-Main-30/WARN] [net.minecraft.world.entity.ai.attributes.AttributeMap/]: Ignoring unknown attribute 'reach-entity-attributes:reach'
[20Dec2024 00:43:31.439] [Worker-Main-30/WARN] [net.minecraft.world.entity.ai.attributes.AttributeMap/]: Ignoring unknown attribute 'reach-entity-attributes:reach'
[20Dec2024 00:43:31.442] [Worker-Main-30/WARN] [net.minecraft.world.entity.ai.attributes.AttributeMap/]: Ignoring unknown attribute 'reach-entity-attributes:reach'
[20Dec2024 00:43:31.443] [Worker-Main-30/WARN] [net.minecraft.world.entity.ai.attributes.AttributeMap/]: Ignoring unknown attribute 'reach-entity-attributes:reach'
[20Dec2024 00:43:31.443] [Worker-Main-30/WARN] [net.minecraft.world.entity.ai.attributes.AttributeMap/]: Ignoring unknown attribute 'reach-entity-attributes:reach'
[20Dec2024 00:43:31.444] [Worker-Main-30/WARN] [net.minecraft.world.entity.ai.attributes.AttributeMap/]: Ignoring unknown attribute 'reach-entity-attributes:reach'
[20Dec2024 00:44:50.395] [Worker-Main-1/WARN] [net.minecraft.world.entity.ai.attributes.AttributeMap/]: Ignoring unknown attribute 'reach-entity-attributes:reach'
[20Dec2024 00:44:56.546] [Worker-Main-30/WARN] [net.minecraft.world.entity.ai.attributes.AttributeMap/]: Ignoring unknown attribute 'reach-entity-attributes:reach'
[20Dec2024 00:44:56.552] [Worker-Main-30/WARN] [net.minecraft.world.entity.ai.attributes.AttributeMap/]: Ignoring unknown attribute 'reach-entity-attributes:reach'
[20Dec2024 00:44:56.556] [Worker-Main-30/WARN] [net.minecraft.world.entity.ai.attributes.AttributeMap/]: Ignoring unknown attribute 'reach-entity-attributes:reach'
[20Dec2024 00:44:56.557] [Worker-Main-30/WARN] [net.minecraft.world.entity.ai.attributes.AttributeMap/]: Ignoring unknown attribute 'reach-entity-attributes:reach'
[20Dec2024 00:44:56.656] [Worker-Main-30/WARN] [net.minecraft.world.entity.ai.attributes.AttributeMap/]: Ignoring unknown attribute 'reach-entity-attributes:reach'
[20Dec2024 00:44:56.657] [Worker-Main-30/WARN] [net.minecraft.world.entity.ai.attributes.AttributeMap/]: Ignoring unknown attribute 'reach-entity-attributes:reach'
[20Dec2024 00:44:56.658] [Worker-Main-30/WARN] [net.minecraft.world.entity.ai.attributes.AttributeMap/]: Ignoring unknown attribute 'reach-entity-attributes:reach'
[20Dec2024 00:44:56.659] [Worker-Main-30/WARN] [net.minecraft.world.entity.ai.attributes.AttributeMap/]: Ignoring unknown attribute 'reach-entity-attributes:reach'
[20Dec2024 00:45:00.006] [Worker-Main-1/WARN] [net.minecraft.world.entity.ai.attributes.AttributeMap/]: Ignoring unknown attribute 'reach-entity-attributes:reach'
[20Dec2024 00:45:00.007] [Worker-Main-1/WARN] [net.minecraft.world.entity.ai.attributes.AttributeMap/]: Ignoring unknown attribute 'reach-entity-attributes:reach'
[20Dec2024 00:45:00.008] [Worker-Main-1/WARN] [net.minecraft.world.entity.ai.attributes.AttributeMap/]: Ignoring unknown attribute 'reach-entity-attributes:reach'
[20Dec2024 00:45:00.008] [Worker-Main-1/WARN] [net.minecraft.world.entity.ai.attributes.AttributeMap/]: Ignoring unknown attribute 'reach-entity-attributes:reach'
[20Dec2024 00:45:00.008] [Worker-Main-1/WARN] [net.minecraft.world.entity.ai.attributes.AttributeMap/]: Ignoring unknown attribute 'reach-entity-attributes:reach'
[20Dec2024 00:45:00.686] [Worker-Main-1/WARN] [net.minecraft.world.entity.ai.attributes.AttributeMap/]: Ignoring unknown attribute 'reach-entity-attributes:reach'
[20Dec2024 00:45:00.686] [Worker-Main-1/WARN] [net.minecraft.world.entity.ai.attributes.AttributeMap/]: Ignoring unknown attribute 'reach-entity-attributes:reach'
[20Dec2024 00:45:03.268] [Worker-Main-1/ERROR] [net.minecraft.world.entity.decoration.HangingEntity/]: Hanging entity at invalid position: BlockPos{x=431, y=-58, z=484}
[20Dec2024 00:45:03.273] [Worker-Main-1/ERROR] [net.minecraft.world.entity.decoration.HangingEntity/]: Hanging entity at invalid position: BlockPos{x=436, y=-58, z=476}
[20Dec2024 00:45:03.274] [Worker-Main-1/ERROR] [net.minecraft.world.entity.decoration.HangingEntity/]: Hanging entity at invalid position: BlockPos{x=435, y=-58, z=484}
[20Dec2024 00:45:03.274] [Worker-Main-1/ERROR] [net.minecraft.world.entity.decoration.HangingEntity/]: Hanging entity at invalid position: BlockPos{x=434, y=-58, z=484}
[20Dec2024 00:45:03.275] [Worker-Main-1/ERROR] [net.minecraft.world.entity.decoration.HangingEntity/]: Hanging entity at invalid position: BlockPos{x=432, y=-58, z=484}
[20Dec2024 00:45:07.400] [Worker-Main-1/WARN] [net.minecraft.world.entity.ai.attributes.AttributeMap/]: Ignoring unknown attribute 'reach-entity-attributes:reach'
[20Dec2024 00:45:07.401] [Worker-Main-1/WARN] [net.minecraft.world.entity.ai.attributes.AttributeMap/]: Ignoring unknown attribute 'reach-entity-attributes:reach'
[20Dec2024 00:45:07.635] [Worker-Main-1/WARN] [net.minecraft.world.entity.ai.attributes.AttributeMap/]: Ignoring unknown attribute 'reach-entity-attributes:reach'
[20Dec2024 00:45:07.635] [Worker-Main-1/WARN] [net.minecraft.world.entity.ai.attributes.AttributeMap/]: Ignoring unknown attribute 'reach-entity-attributes:reach'
[20Dec2024 00:45:41.050] [Worker-Main-30/ERROR] [net.minecraft.world.entity.decoration.HangingEntity/]: Hanging entity at invalid position: BlockPos{x=387, y=-59, z=487}
[20Dec2024 00:46:01.103] [Server thread/INFO] [net.minecraft.server.MinecraftServer/]: manu is bleeding. manu suffocated in a wall
[20Dec2024 00:46:01.106] [Server thread/WARN] [tombstone/]: The death event of the player manu was canceled by another mod
[20Dec2024 00:46:01.107] [Server thread/INFO] [tombstone/]: The player manu has successfully been saved
[20Dec2024 00:48:57.758] [Worker-Main-31/WARN] [net.minecraft.world.entity.ai.attributes.AttributeMap/]: Ignoring unknown attribute 'reach-entity-attributes:reach'
[20Dec2024 00:48:57.760] [Worker-Main-31/WARN] [net.minecraft.world.entity.ai.attributes.AttributeMap/]: Ignoring unknown attribute 'reach-entity-attributes:reach'
[20Dec2024 00:48:57.760] [Worker-Main-31/WARN] [net.minecraft.world.entity.ai.attributes.AttributeMap/]: Ignoring unknown attribute 'reach-entity-attributes:reach'
[20Dec2024 00:48:57.760] [Worker-Main-31/WARN] [net.minecraft.world.entity.ai.attributes.AttributeMap/]: Ignoring unknown attribute 'reach-entity-attributes:reach'
[20Dec2024 00:48:57.761] [Worker-Main-31/WARN] [net.minecraft.world.entity.ai.attributes.AttributeMap/]: Ignoring unknown attribute 'reach-entity-attributes:reach'
[20Dec2024 00:48:58.249] [Worker-Main-31/WARN] [net.minecraft.world.entity.ai.attributes.AttributeMap/]: Ignoring unknown attribute 'reach-entity-attributes:reach'
[20Dec2024 00:48:58.249] [Worker-Main-31/WARN] [net.minecraft.world.entity.ai.attributes.AttributeMap/]: Ignoring unknown attribute 'reach-entity-attributes:reach'
[20Dec2024 00:48:58.250] [Worker-Main-31/WARN] [net.minecraft.world.entity.ai.attributes.AttributeMap/]: Ignoring unknown attribute 'reach-entity-attributes:reach'
[20Dec2024 00:48:58.250] [Worker-Main-31/WARN] [net.minecraft.world.entity.ai.attributes.AttributeMap/]: Ignoring unknown attribute 'reach-entity-attributes:reach'
[20Dec2024 00:53:24.669] [Server thread/WARN] [net.minecraft.server.network.ServerGamePacketListenerImpl/]: manu moved wrongly!
[20Dec2024 00:54:13.240] [Server thread/INFO] [net.minecraft.server.MinecraftServer/]: ram has made the advancement [Pic-A-Nic Basket?]
[20Dec2024 00:58:51.875] [Server thread/INFO] [net.minecraft.world.entity.npc.Villager/]: Villager VillagerEntityMCA['Dragoljub'/25842, l='ServerLevel[游디No ties amigos?驕]', x=773.08, y=69.50, z=-548.51] died, message: 'Dragoljub was slain by Zombie'
[20Dec2024 00:58:51.877] [Server thread/INFO] [net.minecraft.world.entity.LivingEntity/]: Named entity VillagerEntityMCA['Dragoljub'/25842, l='ServerLevel[游디No ties amigos?驕]', x=773.08, y=69.50, z=-548.51] died: Dragoljub was slain by Zombie
[20Dec2024 01:01:11.002] [Server thread/INFO] [net.minecraft.server.MinecraftServer/]: [Not Secure] <manu> [x:864, y:72, z:133, dim:minecraft:overworld]
[20Dec2024 01:01:29.085] [Server thread/INFO] [net.minecraft.server.MinecraftServer/]: [Not Secure] <ram> [x:984, y:69, z:-420, dim:minecraft:overworld]
[20Dec2024 01:02:32.944] [Worker-Main-31/WARN] [net.minecraft.world.entity.ai.attributes.AttributeMap/]: Ignoring unknown attribute 'reach-entity-attributes:reach'
[20Dec2024 01:02:32.945] [Worker-Main-31/WARN] [net.minecraft.world.entity.ai.attributes.AttributeMap/]: Ignoring unknown attribute 'reach-entity-attributes:reach'
[20Dec2024 01:02:32.946] [Worker-Main-31/WARN] [net.minecraft.world.entity.ai.attributes.AttributeMap/]: Ignoring unknown attribute 'reach-entity-attributes:reach'
[20Dec2024 01:02:32.947] [Worker-Main-31/WARN] [net.minecraft.world.entity.ai.attributes.AttributeMap/]: Ignoring unknown attribute 'reach-entity-attributes:reach'
[20Dec2024 01:02:40.922] [Server thread/INFO] [net.minecraft.world.entity.LivingEntity/]: Named entity ZombieVillagerEntityMCA['Valtter'/29806, l='ServerLevel[游디No ties amigos?驕]', x=842.22, y=64.00, z=-522.51] died: Valtter was slain by Maja
[20Dec2024 01:03:09.367] [Server thread/INFO] [net.minecraft.world.entity.npc.Villager/]: Villager VillagerEntityMCA['콯ivan'/29451, l='ServerLevel[游디No ties amigos?驕]', x=881.51, y=73.32, z=-464.65] died, message: '콯ivan tried to swim in lava'
[20Dec2024 01:03:09.368] [Server thread/INFO] [net.minecraft.world.entity.LivingEntity/]: Named entity VillagerEntityMCA['콯ivan'/29451, l='ServerLevel[游디No ties amigos?驕]', x=881.51, y=73.32, z=-464.65] died: 콯ivan tried to swim in lava
[20Dec2024 01:03:21.494] [Worker-Main-31/WARN] [net.minecraft.world.entity.ai.attributes.AttributeMap/]: Ignoring unknown attribute 'reach-entity-attributes:reach'
[20Dec2024 01:03:21.495] [Worker-Main-31/WARN] [net.minecraft.world.entity.ai.attributes.AttributeMap/]: Ignoring unknown attribute 'reach-entity-attributes:reach'
[20Dec2024 01:03:21.496] [Worker-Main-31/WARN] [net.minecraft.world.entity.ai.attributes.AttributeMap/]: Ignoring unknown attribute 'reach-entity-attributes:reach'
[20Dec2024 01:03:21.496] [Worker-Main-31/WARN] [net.minecraft.world.entity.ai.attributes.AttributeMap/]: Ignoring unknown attribute 'reach-entity-attributes:reach'
[20Dec2024 01:03:21.496] [Worker-Main-31/WARN] [net.minecraft.world.entity.ai.attributes.AttributeMap/]: Ignoring unknown attribute 'reach-entity-attributes:reach'
[20Dec2024 01:13:27.581] [Server thread/INFO] [net.minecraft.server.MinecraftServer/]: [Not Secure] <ram> [x:1183, y:62, z:-255, dim:minecraft:overworld]
[20Dec2024 01:13:33.087] [Server thread/INFO] [net.minecraft.server.MinecraftServer/]: ram was turned to stone by Gorgon
[20Dec2024 01:13:33.163] [Server thread/INFO] [tombstone/]: The player ram has successfully been saved
[20Dec2024 01:13:43.894] [Server thread/INFO] [net.minecraft.server.MinecraftServer/]: manu was turned into gorgonzola by Gorgon
[20Dec2024 01:13:43.937] [Server thread/INFO] [tombstone/]: The player manu has successfully been saved
[20Dec2024 01:13:43.957] [Server thread/WARN] [net.minecraft.server.MinecraftServer/]: Can't keep up! Is the server overloaded? Running 3896ms or 77 ticks behind
[20Dec2024 01:14:03.530] [Server thread/INFO] [net.minecraft.server.MinecraftServer/]: ram was turned into gorgonzola by Gorgon
[20Dec2024 01:14:03.542] [Server thread/INFO] [tombstone/]: The player ram has successfully been saved
[20Dec2024 01:14:18.385] [Server thread/INFO] [net.minecraft.server.MinecraftServer/]: manu has made the advancement [Clash of the Titans]
